<?xml version="1.0" encoding="UTF-8"?>
<!-- Generated by org.testng.reporters.JUnitXMLReporter -->
<testsuite hostname="HMECD000539" name="Surefire test" tests="9" failures="1" timestamp="9 Jun 2016 11:59:28 GMT" time="45.311" errors="0">
  <testcase name="addCookiesTest" time="34.746" classname="com.cadence.cos.AddCookiesTest"/>
  <testcase name="m" time="0.013" classname="com.cadence.cos.CopyOfPrintTest"/>
  <testcase name="divisionWithException" time="0.0" classname="com.cadence.cos.ExceptionTest">
    <failure type="java.lang.ArithmeticException" message="/ by zero">
      <![CDATA[java.lang.ArithmeticException: / by zero
	at com.cadence.cos.ExceptionTest.divisionWithException(ExceptionTest.java:10)
... Removed 28 stack frames]]>
    </failure>
  </testcase> <!-- divisionWithException -->
  <testcase name="testMethodsFour" time="0.0" classname="com.cadence.cos.ParallelMethodTest"/>
  <testcase name="testMethodsOne" time="0.0" classname="com.cadence.cos.ParallelMethodTest"/>
  <testcase name="testMethodsThree" time="0.001" classname="com.cadence.cos.ParallelMethodTest"/>
  <testcase name="testMethodsTwo" time="0.001" classname="com.cadence.cos.ParallelMethodTest"/>
  <testcase name="m" time="0.0" classname="com.cadence.cos.PrintTest"/>
  <testcase name="removeCookiesTest" time="10.5" classname="com.cadence.cos.RemoveCookiesTest"/>
</testsuite> <!-- Surefire test -->
