<?xml version="1.0" encoding="UTF-8"?>
<testng-results skipped="0" failed="0" total="1" passed="1">
  <reporter-output>
  </reporter-output>
  <suite name="Suite" duration-ms="42" started-at="2016-06-09T12:11:55Z" finished-at="2016-06-09T12:11:55Z">
    <groups>
    </groups>
    <test name="Test" duration-ms="42" started-at="2016-06-09T12:11:55Z" finished-at="2016-06-09T12:11:55Z">
      <class name="com.cadence.cos.PrintTest">
        <test-method status="PASS" signature="m()[pri:0, instance:com.cadence.cos.PrintTest@2ed94a8b]" name="m" duration-ms="11" started-at="2016-06-09T17:41:55Z" finished-at="2016-06-09T17:41:55Z">
          <reporter-output>
          </reporter-output>
        </test-method> <!-- m -->
      </class> <!-- com.cadence.cos.PrintTest -->
    </test> <!-- Test -->
  </suite> <!-- Suite -->
</testng-results>
