<?xml version="1.0" encoding="UTF-8"?>
<testsuite xmlns:xsi="http://www.w3.org/2001/XMLSchema-instance" xsi:schemaLocation="https://maven.apache.org/surefire/maven-surefire-plugin/xsd/surefire-test-report.xsd" name="TestSuite" time="50.877" tests="1" errors="0" skipped="0" failures="1">
  <properties>
[...]
</properties>
  <testcase name="robotAuto" classname="com.cadence.bench.RobotAuto" time="50.152">
    <failure message="Unable to locate element: .//a[@href=contains(text(),&apos;yearly-calendar.xls&apos;)]&#10;For documentation on this error, please visit: http://seleniumhq.org/exceptions/no_such_element.html&#10;Build info: version: &apos;3.0.1&apos;, revision: &apos;1969d75&apos;, time: &apos;2016-10-18 09:49:13 -0700&apos;&#10;System info: host: &apos;PC-SHROHIT1&apos;, ip: &apos;192.168.1.157&apos;, os.name: &apos;Windows 7&apos;, os.arch: &apos;amd64&apos;, os.version: &apos;6.1&apos;, java.version: &apos;1.8.0_92&apos;&#10;Driver info: org.openqa.selenium.firefox.FirefoxDriver&#10;Capabilities [{rotatable=false, raisesAccessibilityExceptions=false, marionette=true, firefoxOptions={args=[], prefs={}}, appBuildId=20160922113459, version=, platform=XP, proxy={}, command_id=1, specificationLevel=0, acceptSslCerts=false, processId=14044, browserVersion=49.0.1, platformVersion=6.1, XULappId={ec8030f7-c20a-464f-9b0e-13a3a9e97384}, browserName=firefox, takesScreenshot=true, takesElementScreenshot=true, platformName=windows_nt, device=desktop}]&#10;Session ID: d127a52f-253e-43d3-b223-799eb031d19b&#10;*** Element info: {Using=xpath, value=.//a[@href=contains(text(),&apos;yearly-calendar.xls&apos;)]}" type="org.openqa.selenium.NoSuchElementException">org.openqa.selenium.NoSuchElementException: 
Unable to locate element: .//a[@href=contains(text(),'yearly-calendar.xls')]
For documentation on this error, please visit: http://seleniumhq.org/exceptions/no_such_element.html
Build info: version: '3.0.1', revision: '1969d75', time: '2016-10-18 09:49:13 -0700'
System info: host: 'PC-SHROHIT1', ip: '192.168.1.157', os.name: 'Windows 7', os.arch: 'amd64', os.version: '6.1', java.version: '1.8.0_92'
Driver info: org.openqa.selenium.firefox.FirefoxDriver
Capabilities [{rotatable=false, raisesAccessibilityExceptions=false, marionette=true, firefoxOptions={args=[], prefs={}}, appBuildId=20160922113459, version=, platform=XP, proxy={}, command_id=1, specificationLevel=0, acceptSslCerts=false, processId=14044, browserVersion=49.0.1, platformVersion=6.1, XULappId={ec8030f7-c20a-464f-9b0e-13a3a9e97384}, browserName=firefox, takesScreenshot=true, takesElementScreenshot=true, platformName=windows_nt, device=desktop}]
Session ID: d127a52f-253e-43d3-b223-799eb031d19b
*** Element info: {Using=xpath, value=.//a[@href=contains(text(),'yearly-calendar.xls')]}
	at com.cadence.bench.RobotAuto.robotAuto(RobotAuto.java:18)
</failure>
    <system-err><![CDATA[1482761251581	geckodriver	INFO	Listening on 127.0.0.1:39955
Dec 26, 2016 7:37:32 PM org.openqa.selenium.remote.ProtocolHandshake createSession
INFO: Attempting bi-dialect session, assuming Postel's Law holds true on the remote end
1482761252460	mozprofile::profile	INFO	Using profile path C:\Users\shrohit\AppData\Local\Temp\rust_mozprofile.4Lowy2Xma6Ut
1482761252477	geckodriver::marionette	INFO	Starting browser C:\Program Files (x86)\Mozilla Firefox\firefox.exe
1482761252530	geckodriver::marionette	INFO	Connecting to Marionette on localhost:55831
1482761256318	Marionette	INFO	Listening on port 55831
1482761259072	Marionette	INFO	startBrowser d127a52f-253e-43d3-b223-799eb031d19b
Dec 26, 2016 7:37:40 PM org.openqa.selenium.remote.ProtocolHandshake createSession
INFO: Detected dialect: W3C
JavaScript error: http://spreadsheetpage.com/js/main.js, line 6: TypeError: $(...).flexslider is not a function
]]></system-err>
  </testcase>
</testsuite>