<?xml version="1.0" encoding="UTF-8"?>
<testng-results skipped="0" failed="0" total="1" passed="1">
  <reporter-output>
  </reporter-output>
  <suite name="Suite" duration-ms="13683" started-at="2016-12-29T12:32:41Z" finished-at="2016-12-29T12:32:54Z">
    <groups>
    </groups>
    <test name="Test" duration-ms="13683" started-at="2016-12-29T12:32:41Z" finished-at="2016-12-29T12:32:54Z">
      <class name="com.cadence.bench.launchFb">
        <test-method status="PASS" signature="launchFacebook()[pri:0, instance:com.cadence.bench.launchFb@4e04a765]" name="launchFacebook" duration-ms="13666" started-at="2016-12-29T18:02:41Z" finished-at="2016-12-29T18:02:54Z">
          <reporter-output>
          </reporter-output>
        </test-method> <!-- launchFacebook -->
      </class> <!-- com.cadence.bench.launchFb -->
    </test> <!-- Test -->
  </suite> <!-- Suite -->
</testng-results>
