<?xml version="1.0" encoding="UTF-8"?>
<testng-results skipped="0" failed="0" total="1" passed="1">
  <reporter-output>
  </reporter-output>
  <suite name="Default suite" duration-ms="58" started-at="2016-06-09T12:31:13Z" finished-at="2016-06-09T12:31:13Z">
    <groups>
    </groups>
    <test name="Default test" duration-ms="58" started-at="2016-06-09T12:31:13Z" finished-at="2016-06-09T12:31:13Z">
      <class name="com.cadence.cos.PrintTest">
        <test-method status="PASS" signature="m()[pri:0, instance:com.cadence.cos.PrintTest@1b40d5f0]" name="m" duration-ms="40" started-at="2016-06-09T18:01:13Z" finished-at="2016-06-09T18:01:13Z">
          <reporter-output>
          </reporter-output>
        </test-method> <!-- m -->
      </class> <!-- com.cadence.cos.PrintTest -->
    </test> <!-- Default test -->
  </suite> <!-- Default suite -->
</testng-results>
